This file contains any messages produced by compilers while
running configure, to aid debugging if configure makes a mistake.

It was created by pocketsphinx configure 5prealpha, which was
generated by GNU Autoconf 2.71.  Invocation command line was

  $ ./configure --without-python

## --------- ##
## Platform. ##
## --------- ##

hostname = Chriss-MacBook-Pro-New.local
uname -m = x86_64
uname -r = 20.6.0
uname -s = Darwin
uname -v = Darwin Kernel Version 20.6.0: Mon Aug 30 06:12:21 PDT 2021; root:xnu-7195.141.6~3/RELEASE_X86_64

/usr/bin/uname -p = i386
/bin/uname -X     = unknown

/bin/arch              = unknown
/usr/bin/arch -k       = unknown
/usr/convex/getsysinfo = unknown
/usr/bin/hostinfo      = Mach kernel version:
	 Darwin Kernel Version 20.6.0: Mon Aug 30 06:12:21 PDT 2021; root:xnu-7195.141.6~3/RELEASE_X86_64
Kernel configured for up to 16 processors.
8 processors are physically available.
16 processors are logically available.
Processor type: x86_64h (Intel x86-64h Haswell)
Processors active: 0 1 2 3 4 5 6 7 8 9 10 11 12 13 14 15
Primary memory available: 32.00 gigabytes
Default processor set: 700 tasks, 3713 threads, 16 processors
Load average: 4.90, Mach factor: 11.18
/bin/machine           = unknown
/usr/bin/oslevel       = unknown
/bin/universe          = unknown

PATH: /usr/local/opt/node@14/bin/
PATH: /usr/local/opt/node@14/bin/
PATH: /usr/local/opt/icu4c/sbin/
PATH: /usr/local/opt/icu4c/bin/
PATH: /Users/chrispenny/Library/Android/sdk/platform-tools/
PATH: /Users/chrispenny/Library/Android/sdk/tools/
PATH: /usr/local/bin/
PATH: /usr/bin/
PATH: /bin/
PATH: /usr/sbin/
PATH: /sbin/
PATH: /usr/local/share/dotnet/
PATH: ~/.dotnet/tools/
PATH: /Library/Apple/usr/bin/
PATH: /Library/Frameworks/Mono.framework/Versions/Current/Commands/
PATH: /Applications/Wireshark.app/Contents/MacOS/
PATH: /Users/chrispenny/Developer/scripts/
PATH: /Users/chrispenny/Developer/ZEPHYRx/scripts/
PATH: /Users/chrispenny/Developer/scripts/
PATH: /Users/chrispenny/Developer/ZEPHYRx/scripts/
PATH: /Users/chrispenny/


## ----------- ##
## Core tests. ##
## ----------- ##

configure:2710: looking for aux files: ltmain.sh compile config.guess config.sub missing install-sh
configure:2723:  trying ./
configure:2752:   ./ltmain.sh found
configure:2752:   ./compile found
configure:2752:   ./config.guess found
configure:2752:   ./config.sub found
configure:2752:   ./missing found
configure:2734:   ./install-sh found
configure:2883: checking for a BSD-compatible install
configure:2956: result: /usr/bin/install -c
configure:2967: checking whether build environment is sane
configure:3022: result: yes
configure:3181: checking for a race-free mkdir -p
configure:3225: result: ./install-sh -c -d
configure:3232: checking for gawk
configure:3267: result: no
configure:3232: checking for mawk
configure:3267: result: no
configure:3232: checking for nawk
configure:3267: result: no
configure:3232: checking for awk
configure:3253: found /usr/bin/awk
configure:3264: result: awk
configure:3275: checking whether make sets $(MAKE)
configure:3298: result: yes
configure:3328: checking whether make supports nested variables
configure:3346: result: yes
configure:3487: checking build system type
configure:3502: result: x86_64-apple-darwin20.6.0
configure:3522: checking host system type
configure:3536: result: x86_64-apple-darwin20.6.0
configure:3618: checking for gcc
configure:3639: found /usr/bin/gcc
configure:3650: result: gcc
configure:4003: checking for C compiler version
configure:4012: gcc --version >&5
Apple clang version 13.0.0 (clang-1300.0.29.3)
Target: x86_64-apple-darwin20.6.0
Thread model: posix
InstalledDir: /Applications/Xcode.app/Contents/Developer/Toolchains/XcodeDefault.xctoolchain/usr/bin
Configured with: --prefix=/Applications/Xcode.app/Contents/Developer/usr --with-gxx-include-dir=/Applications/Xcode.app/Contents/Developer/Platforms/MacOSX.platform/Developer/SDKs/MacOSX.sdk/usr/include/c++/4.2.1
configure:4023: $? = 0
configure:4012: gcc -v >&5
Configured with: --prefix=/Applications/Xcode.app/Contents/Developer/usr --with-gxx-include-dir=/Applications/Xcode.app/Contents/Developer/Platforms/MacOSX.platform/Developer/SDKs/MacOSX.sdk/usr/include/c++/4.2.1
Apple clang version 13.0.0 (clang-1300.0.29.3)
Target: x86_64-apple-darwin20.6.0
Thread model: posix
InstalledDir: /Applications/Xcode.app/Contents/Developer/Toolchains/XcodeDefault.xctoolchain/usr/bin
configure:4023: $? = 0
configure:4012: gcc -V >&5
clang: error: argument to '-V' is missing (expected 1 value)
clang: error: no input files
configure:4023: $? = 1
configure:4012: gcc -qversion >&5
clang: error: unknown argument '-qversion'; did you mean '--version'?
clang: error: no input files
configure:4023: $? = 1
configure:4012: gcc -version >&5
clang: error: unknown argument '-version'; did you mean '--version'?
clang: error: no input files
configure:4023: $? = 1
configure:4043: checking whether the C compiler works
configure:4065: gcc -g -O2 -Wall   conftest.c  >&5
configure:4069: $? = 0
configure:4119: result: yes
configure:4122: checking for C compiler default output file name
configure:4124: result: a.out
configure:4130: checking for suffix of executables
configure:4137: gcc -o conftest -g -O2 -Wall   conftest.c  >&5
configure:4141: $? = 0
configure:4164: result: 
configure:4186: checking whether we are cross compiling
configure:4194: gcc -o conftest -g -O2 -Wall   conftest.c  >&5
configure:4198: $? = 0
configure:4205: ./conftest
configure:4209: $? = 0
configure:4224: result: no
configure:4229: checking for suffix of object files
configure:4252: gcc -c -g -O2 -Wall  conftest.c >&5
configure:4256: $? = 0
configure:4278: result: o
configure:4282: checking whether the compiler supports GNU C
configure:4302: gcc -c -g -O2 -Wall  conftest.c >&5
configure:4302: $? = 0
configure:4312: result: yes
configure:4323: checking whether gcc accepts -g
configure:4344: gcc -c -g  conftest.c >&5
configure:4344: $? = 0
configure:4388: result: yes
configure:4408: checking for gcc option to enable C11 features
configure:4423: gcc  -c -g -O2 -Wall  conftest.c >&5
configure:4423: $? = 0
configure:4441: result: none needed
configure:4557: checking whether gcc understands -c and -o together
configure:4580: gcc -c conftest.c -o conftest2.o
configure:4583: $? = 0
configure:4580: gcc -c conftest.c -o conftest2.o
configure:4583: $? = 0
configure:4595: result: yes
configure:4615: checking whether make supports the include directive
configure:4630: make -f confmf.GNU && cat confinc.out
this is the am__doit target
configure:4633: $? = 0
configure:4652: result: yes (GNU style)
configure:4678: checking dependency style of gcc
configure:4790: result: gcc3
configure:4810: checking for stdio.h
configure:4810: gcc -c -g -O2 -Wall  conftest.c >&5
configure:4810: $? = 0
configure:4810: result: yes
configure:4810: checking for stdlib.h
configure:4810: gcc -c -g -O2 -Wall  conftest.c >&5
configure:4810: $? = 0
configure:4810: result: yes
configure:4810: checking for string.h
configure:4810: gcc -c -g -O2 -Wall  conftest.c >&5
configure:4810: $? = 0
configure:4810: result: yes
configure:4810: checking for inttypes.h
configure:4810: gcc -c -g -O2 -Wall  conftest.c >&5
configure:4810: $? = 0
configure:4810: result: yes
configure:4810: checking for stdint.h
configure:4810: gcc -c -g -O2 -Wall  conftest.c >&5
configure:4810: $? = 0
configure:4810: result: yes
configure:4810: checking for strings.h
configure:4810: gcc -c -g -O2 -Wall  conftest.c >&5
configure:4810: $? = 0
configure:4810: result: yes
configure:4810: checking for sys/stat.h
configure:4810: gcc -c -g -O2 -Wall  conftest.c >&5
configure:4810: $? = 0
configure:4810: result: yes
configure:4810: checking for sys/types.h
configure:4810: gcc -c -g -O2 -Wall  conftest.c >&5
configure:4810: $? = 0
configure:4810: result: yes
configure:4810: checking for unistd.h
configure:4810: gcc -c -g -O2 -Wall  conftest.c >&5
configure:4810: $? = 0
configure:4810: result: yes
configure:4835: checking for long long
configure:4835: gcc -c -g -O2 -Wall  conftest.c >&5
configure:4835: $? = 0
configure:4835: gcc -c -g -O2 -Wall  conftest.c >&5
conftest.c:50:24: error: expected expression
if (sizeof ((long long)))
                       ^
1 error generated.
configure:4835: $? = 1
configure: failed program was:
| /* confdefs.h */
| #define PACKAGE_NAME "pocketsphinx"
| #define PACKAGE_TARNAME "pocketsphinx"
| #define PACKAGE_VERSION "5prealpha"
| #define PACKAGE_STRING "pocketsphinx 5prealpha"
| #define PACKAGE_BUGREPORT ""
| #define PACKAGE_URL ""
| #define HAVE_STDIO_H 1
| #define HAVE_STDLIB_H 1
| #define HAVE_STRING_H 1
| #define HAVE_INTTYPES_H 1
| #define HAVE_STDINT_H 1
| #define HAVE_STRINGS_H 1
| #define HAVE_SYS_STAT_H 1
| #define HAVE_SYS_TYPES_H 1
| #define HAVE_UNISTD_H 1
| #define STDC_HEADERS 1
| /* end confdefs.h.  */
| #include <stddef.h>
| #ifdef HAVE_STDIO_H
| # include <stdio.h>
| #endif
| #ifdef HAVE_STDLIB_H
| # include <stdlib.h>
| #endif
| #ifdef HAVE_STRING_H
| # include <string.h>
| #endif
| #ifdef HAVE_INTTYPES_H
| # include <inttypes.h>
| #endif
| #ifdef HAVE_STDINT_H
| # include <stdint.h>
| #endif
| #ifdef HAVE_STRINGS_H
| # include <strings.h>
| #endif
| #ifdef HAVE_SYS_TYPES_H
| # include <sys/types.h>
| #endif
| #ifdef HAVE_SYS_STAT_H
| # include <sys/stat.h>
| #endif
| #ifdef HAVE_UNISTD_H
| # include <unistd.h>
| #endif
| int
| main (void)
| {
| if (sizeof ((long long)))
| 	    return 0;
|   ;
|   return 0;
| }
configure:4835: result: yes
configure:4848: checking size of long long
configure:4854: gcc -o conftest -g -O2 -Wall   conftest.c  >&5
configure:4854: $? = 0
configure:4854: ./conftest
configure:4854: $? = 0
configure:4869: result: 8
configure:4925: checking how to print strings
configure:4952: result: printf
configure:4973: checking for a sed that does not truncate output
configure:5043: result: /usr/bin/sed
configure:5061: checking for grep that handles long lines and -e
configure:5125: result: /usr/local/bin/ggrep
configure:5130: checking for egrep
configure:5198: result: /usr/local/bin/ggrep -E
configure:5203: checking for fgrep
configure:5271: result: /usr/local/bin/ggrep -F
configure:5307: checking for ld used by gcc
configure:5375: result: /Applications/Xcode.app/Contents/Developer/Toolchains/XcodeDefault.xctoolchain/usr/bin/ld
configure:5382: checking if the linker (/Applications/Xcode.app/Contents/Developer/Toolchains/XcodeDefault.xctoolchain/usr/bin/ld) is GNU ld
configure:5398: result: no
configure:5410: checking for BSD- or MS-compatible name lister (nm)
configure:5465: result: /usr/bin/nm -B
configure:5605: checking the name lister (/usr/bin/nm -B) interface
configure:5613: gcc -c -g -O2 -Wall  conftest.c >&5
configure:5616: /usr/bin/nm -B "conftest.o"
configure:5619: output
000000000000026c S _some_variable
configure:5626: result: BSD nm
configure:5629: checking whether ln -s works
configure:5633: result: yes
configure:5641: checking the maximum length of command line arguments
configure:5773: result: 786432
configure:5821: checking how to convert x86_64-apple-darwin20.6.0 file names to x86_64-apple-darwin20.6.0 format
configure:5862: result: func_convert_file_noop
configure:5869: checking how to convert x86_64-apple-darwin20.6.0 file names to toolchain format
configure:5890: result: func_convert_file_noop
configure:5897: checking for /Applications/Xcode.app/Contents/Developer/Toolchains/XcodeDefault.xctoolchain/usr/bin/ld option to reload object files
configure:5905: result: -r
configure:5984: checking for objdump
configure:6005: found /usr/bin/objdump
configure:6016: result: objdump
configure:6048: checking how to recognize dependent libraries
configure:6249: result: pass_all
configure:6339: checking for dlltool
configure:6374: result: no
configure:6404: checking how to associate runtime and link libraries
configure:6432: result: printf %s\n
configure:6497: checking for ar
configure:6518: found /usr/bin/ar
configure:6529: result: ar
configure:6566: checking for archiver @FILE support
configure:6584: gcc -c -g -O2 -Wall  conftest.c >&5
configure:6584: $? = 0
configure:6588: ar cru libconftest.a @conftest.lst >&5
ar: @conftest.lst: No such file or directory
configure:6591: $? = 1
configure:6611: result: no
configure:6674: checking for strip
configure:6695: found /usr/bin/strip
configure:6706: result: strip
configure:6783: checking for ranlib
configure:6804: found /usr/bin/ranlib
configure:6815: result: ranlib
configure:6917: checking command to parse /usr/bin/nm -B output from gcc object
configure:7071: gcc -c -g -O2 -Wall  conftest.c >&5
configure:7074: $? = 0
configure:7078: /usr/bin/nm -B conftest.o \| sed -n -e 's/^.*[ ]\([BCDEGRST][BCDEGRST]*\)[ ][ ]*\([_A-Za-z][_A-Za-z0-9]*\)$/\1 \2 \2/p' | sed '/ __gnu_lto/d' \> conftest.nm
configure:7081: $? = 0
cannot find nm_test_var in conftest.nm
configure:7071: gcc -c -g -O2 -Wall  conftest.c >&5
configure:7074: $? = 0
configure:7078: /usr/bin/nm -B conftest.o \| sed -n -e 's/^.*[ ]\([BCDEGRST][BCDEGRST]*\)[ ][ ]*_\([_A-Za-z][_A-Za-z0-9]*\)$/\1 _\2 \2/p' | sed '/ __gnu_lto/d' \> conftest.nm
configure:7081: $? = 0
configure:7147: gcc -o conftest -g -O2 -Wall   conftest.c conftstm.o >&5
warning: (x86_64)  could not find object file symbol for symbol _main
configure:7150: $? = 0
configure:7188: result: ok
configure:7235: checking for sysroot
configure:7266: result: no
configure:7273: checking for a working dd
configure:7317: result: /bin/dd
configure:7321: checking how to truncate binary pipes
configure:7337: result: /bin/dd bs=4096 count=1
configure:7674: checking for mt
configure:7709: result: no
configure:7729: checking if : is a manifest tool
configure:7736: : '-?'
configure:7744: result: no
configure:7805: checking for dsymutil
configure:7826: found /usr/bin/dsymutil
configure:7837: result: dsymutil
configure:7907: checking for nmedit
configure:7928: found /usr/bin/nmedit
configure:7939: result: nmedit
configure:8009: checking for lipo
configure:8030: found /usr/bin/lipo
configure:8041: result: lipo
configure:8111: checking for otool
configure:8132: found /usr/bin/otool
configure:8143: result: otool
configure:8213: checking for otool64
configure:8248: result: no
configure:8293: checking for -single_module linker flag
gcc -g -O2 -Wall  -o libconftest.dylib -dynamiclib -Wl,-single_module conftest.c
configure:8327: result: yes
configure:8330: checking for -exported_symbols_list linker flag
configure:8351: gcc -o conftest -g -O2 -Wall   -Wl,-exported_symbols_list,conftest.sym conftest.c  >&5
configure:8351: $? = 0
configure:8362: result: yes
configure:8365: checking for -force_load linker flag
gcc -g -O2 -Wall -c -o conftest.o conftest.c
ar cru libconftest.a conftest.o
ranlib libconftest.a
gcc -g -O2 -Wall  -o conftest conftest.c -Wl,-force_load,./libconftest.a
configure:8398: result: yes
configure:8465: checking for dlfcn.h
configure:8465: gcc -c -g -O2 -Wall  conftest.c >&5
configure:8465: $? = 0
configure:8465: result: yes
configure:8724: checking for objdir
configure:8740: result: .libs
configure:9004: checking if gcc supports -fno-rtti -fno-exceptions
configure:9023: gcc -c -g -O2 -Wall  -fno-rtti -fno-exceptions conftest.c >&5
configure:9027: $? = 0
configure:9040: result: yes
configure:9398: checking for gcc option to produce PIC
configure:9406: result: -fno-common -DPIC
configure:9414: checking if gcc PIC flag -fno-common -DPIC works
configure:9433: gcc -c -g -O2 -Wall  -fno-common -DPIC -DPIC conftest.c >&5
configure:9437: $? = 0
configure:9450: result: yes
configure:9479: checking if gcc static flag -static works
configure:9508: result: no
configure:9523: checking if gcc supports -c -o file.o
configure:9545: gcc -c -g -O2 -Wall  -o out/conftest2.o conftest.c >&5
configure:9549: $? = 0
configure:9571: result: yes
configure:9579: checking if gcc supports -c -o file.o
configure:9627: result: yes
configure:9660: checking whether the gcc linker (/Applications/Xcode.app/Contents/Developer/Toolchains/XcodeDefault.xctoolchain/usr/bin/ld) supports shared libraries
configure:10926: result: yes
configure:11167: checking dynamic linker characteristics
configure:11988: result: darwin20.6.0 dyld
configure:12110: checking how to hardcode library paths into programs
configure:12135: result: immediate
configure:12687: checking whether stripping libraries is possible
configure:12701: result: yes
configure:12727: checking if libtool supports shared libraries
configure:12729: result: yes
configure:12732: checking whether to build shared libraries
configure:12757: result: yes
configure:12760: checking whether to build static libraries
configure:12764: result: yes
configure:12856: checking for pkg-config
configure:12879: found /usr/local/bin/pkg-config
configure:12891: result: /usr/local/bin/pkg-config
configure:12916: checking pkg-config is at least version 0.9.0
configure:12919: result: yes
configure:12931: checking for doxygen
configure:12964: result: no
configure:13874: checking for GStreamer
configure:13882: $PKG_CONFIG --exists --print-errors "gstreamer-$GST_MAJORMINOR >= 1.0
		       gstreamer-base-$GST_MAJORMINOR >= 1.0
		       gstreamer-plugins-base-$GST_MAJORMINOR >= 1.0"
Package gstreamer-1.0 was not found in the pkg-config search path.
Perhaps you should add the directory containing `gstreamer-1.0.pc'
to the PKG_CONFIG_PATH environment variable
No package 'gstreamer-1.0' found
Package gstreamer-base-1.0 was not found in the pkg-config search path.
Perhaps you should add the directory containing `gstreamer-base-1.0.pc'
to the PKG_CONFIG_PATH environment variable
No package 'gstreamer-base-1.0' found
Package gstreamer-plugins-base-1.0 was not found in the pkg-config search path.
Perhaps you should add the directory containing `gstreamer-plugins-base-1.0.pc'
to the PKG_CONFIG_PATH environment variable
No package 'gstreamer-plugins-base-1.0' found
configure:13889: $? = 1
configure:13906: $PKG_CONFIG --exists --print-errors "gstreamer-$GST_MAJORMINOR >= 1.0
		       gstreamer-base-$GST_MAJORMINOR >= 1.0
		       gstreamer-plugins-base-$GST_MAJORMINOR >= 1.0"
Package gstreamer-1.0 was not found in the pkg-config search path.
Perhaps you should add the directory containing `gstreamer-1.0.pc'
to the PKG_CONFIG_PATH environment variable
No package 'gstreamer-1.0' found
Package gstreamer-base-1.0 was not found in the pkg-config search path.
Perhaps you should add the directory containing `gstreamer-base-1.0.pc'
to the PKG_CONFIG_PATH environment variable
No package 'gstreamer-base-1.0' found
Package gstreamer-plugins-base-1.0 was not found in the pkg-config search path.
Perhaps you should add the directory containing `gstreamer-plugins-base-1.0.pc'
to the PKG_CONFIG_PATH environment variable
No package 'gstreamer-plugins-base-1.0' found
configure:13913: $? = 1
No package 'gstreamer-1.0' found
No package 'gstreamer-base-1.0' found
No package 'gstreamer-plugins-base-1.0' found
configure:13947: result: no
configure:14008: checking for sphinxbase in /Users/chrispenny/Developer/personal/voice-to-csv/libs/pocketsphinx/../sphinxbase
configure:14012: result: yes
configure:14252: checking that generated files are newer than configure
configure:14258: result: done
configure:14293: creating ./config.status

## ---------------------- ##
## Running config.status. ##
## ---------------------- ##

This file was extended by pocketsphinx config.status 5prealpha, which was
generated by GNU Autoconf 2.71.  Invocation command line was

  CONFIG_FILES    = 
  CONFIG_HEADERS  = 
  CONFIG_LINKS    = 
  CONFIG_COMMANDS = 
  $ ./config.status 

on Chriss-MacBook-Pro-New.local

config.status:1128: creating pocketsphinx.pc
config.status:1128: creating Makefile
config.status:1128: creating include/Makefile
config.status:1128: creating src/Makefile
config.status:1128: creating swig/Makefile
config.status:1128: creating swig/python/Makefile
config.status:1128: creating swig/python/test/Makefile
config.status:1128: creating src/libpocketsphinx/Makefile
config.status:1128: creating src/programs/Makefile
config.status:1128: creating src/gst-plugin/Makefile
config.status:1128: creating doc/Makefile
config.status:1128: creating doc/doxyfile
config.status:1128: creating model/Makefile
config.status:1128: creating test/Makefile
config.status:1128: creating test/testfuncs.sh
config.status:1128: creating test/unit/Makefile
config.status:1128: creating test/regression/Makefile
config.status:1128: creating include/config.h
config.status:1357: executing depfiles commands
config.status:1434: cd swig/python       && sed -e '/# am--include-marker/d' Makefile         | make -f - am--depfiles
config.status:1439: $? = 0
config.status:1434: cd src/libpocketsphinx       && sed -e '/# am--include-marker/d' Makefile         | make -f - am--depfiles
config.status:1439: $? = 0
config.status:1434: cd src/programs       && sed -e '/# am--include-marker/d' Makefile         | make -f - am--depfiles
config.status:1439: $? = 0
config.status:1434: cd src/gst-plugin       && sed -e '/# am--include-marker/d' Makefile         | make -f - am--depfiles
config.status:1439: $? = 0
config.status:1434: cd test/unit       && sed -e '/# am--include-marker/d' Makefile         | make -f - am--depfiles
config.status:1439: $? = 0
config.status:1357: executing libtool commands

## ---------------- ##
## Cache variables. ##
## ---------------- ##

ac_cv_build=x86_64-apple-darwin20.6.0
ac_cv_c_compiler_gnu=yes
ac_cv_env_CC_set=
ac_cv_env_CC_value=
ac_cv_env_CFLAGS_set=
ac_cv_env_CFLAGS_value=
ac_cv_env_CPPFLAGS_set=
ac_cv_env_CPPFLAGS_value=
ac_cv_env_GStreamer_CFLAGS_set=
ac_cv_env_GStreamer_CFLAGS_value=
ac_cv_env_GStreamer_LIBS_set=
ac_cv_env_GStreamer_LIBS_value=
ac_cv_env_LDFLAGS_set=
ac_cv_env_LDFLAGS_value=
ac_cv_env_LIBS_set=
ac_cv_env_LIBS_value=
ac_cv_env_LT_SYS_LIBRARY_PATH_set=
ac_cv_env_LT_SYS_LIBRARY_PATH_value=
ac_cv_env_PKG_CONFIG_set=
ac_cv_env_PKG_CONFIG_value=
ac_cv_env_PYTHON_VERSION_set=
ac_cv_env_PYTHON_VERSION_value=
ac_cv_env_PYTHON_set=
ac_cv_env_PYTHON_value=
ac_cv_env_SPHINXBASE_CFLAGS_set=
ac_cv_env_SPHINXBASE_CFLAGS_value=
ac_cv_env_SPHINXBASE_LIBS_set=
ac_cv_env_SPHINXBASE_LIBS_value=
ac_cv_env_build_alias_set=
ac_cv_env_build_alias_value=
ac_cv_env_host_alias_set=
ac_cv_env_host_alias_value=
ac_cv_env_target_alias_set=
ac_cv_env_target_alias_value=
ac_cv_header_dlfcn_h=yes
ac_cv_header_inttypes_h=yes
ac_cv_header_stdint_h=yes
ac_cv_header_stdio_h=yes
ac_cv_header_stdlib_h=yes
ac_cv_header_string_h=yes
ac_cv_header_strings_h=yes
ac_cv_header_sys_stat_h=yes
ac_cv_header_sys_types_h=yes
ac_cv_header_unistd_h=yes
ac_cv_host=x86_64-apple-darwin20.6.0
ac_cv_objext=o
ac_cv_path_EGREP='/usr/local/bin/ggrep -E'
ac_cv_path_FGREP='/usr/local/bin/ggrep -F'
ac_cv_path_GREP=/usr/local/bin/ggrep
ac_cv_path_SED=/usr/bin/sed
ac_cv_path_ac_pt_PKG_CONFIG=/usr/local/bin/pkg-config
ac_cv_path_install='/usr/bin/install -c'
ac_cv_path_lt_DD=/bin/dd
ac_cv_prog_AWK=awk
ac_cv_prog_HAVE_DOXYGEN=no
ac_cv_prog_ac_ct_AR=ar
ac_cv_prog_ac_ct_CC=gcc
ac_cv_prog_ac_ct_DSYMUTIL=dsymutil
ac_cv_prog_ac_ct_LIPO=lipo
ac_cv_prog_ac_ct_NMEDIT=nmedit
ac_cv_prog_ac_ct_OBJDUMP=objdump
ac_cv_prog_ac_ct_OTOOL=otool
ac_cv_prog_ac_ct_RANLIB=ranlib
ac_cv_prog_ac_ct_STRIP=strip
ac_cv_prog_cc_c11=
ac_cv_prog_cc_g=yes
ac_cv_prog_cc_stdc=
ac_cv_prog_make_make_set=yes
ac_cv_sizeof_long_long=8
ac_cv_type_long_long=yes
am_cv_CC_dependencies_compiler_type=gcc3
am_cv_make_support_nested_variables=yes
am_cv_prog_cc_c_o=yes
lt_cv_apple_cc_single_mod=yes
lt_cv_ar_at_file=no
lt_cv_deplibs_check_method=pass_all
lt_cv_file_magic_cmd='$MAGIC_CMD'
lt_cv_file_magic_test_file=
lt_cv_ld_exported_symbols_list=yes
lt_cv_ld_force_load=yes
lt_cv_ld_reload_flag=-r
lt_cv_nm_interface='BSD nm'
lt_cv_objdir=.libs
lt_cv_path_LD=/Applications/Xcode.app/Contents/Developer/Toolchains/XcodeDefault.xctoolchain/usr/bin/ld
lt_cv_path_NM='/usr/bin/nm -B'
lt_cv_path_mainfest_tool=no
lt_cv_prog_compiler_c_o=yes
lt_cv_prog_compiler_pic='-fno-common -DPIC'
lt_cv_prog_compiler_pic_works=yes
lt_cv_prog_compiler_rtti_exceptions=yes
lt_cv_prog_compiler_static_works=no
lt_cv_prog_gnu_ld=no
lt_cv_sharedlib_from_linklib_cmd='printf %s\n'
lt_cv_sys_global_symbol_pipe='sed -n -e '\''s/^.*[	 ]\([BCDEGRST][BCDEGRST]*\)[	 ][	 ]*_\([_A-Za-z][_A-Za-z0-9]*\)$/\1 _\2 \2/p'\'' | sed '\''/ __gnu_lto/d'\'''
lt_cv_sys_global_symbol_to_c_name_address='sed -n -e '\''s/^: \(.*\) .*$/  {"\1", (void *) 0},/p'\'' -e '\''s/^[BCDEGRST][BCDEGRST]* .* \(.*\)$/  {"\1", (void *) \&\1},/p'\'''
lt_cv_sys_global_symbol_to_c_name_address_lib_prefix='sed -n -e '\''s/^: \(.*\) .*$/  {"\1", (void *) 0},/p'\'' -e '\''s/^[BCDEGRST][BCDEGRST]* .* \(lib.*\)$/  {"\1", (void *) \&\1},/p'\'' -e '\''s/^[BCDEGRST][BCDEGRST]* .* \(.*\)$/  {"lib\1", (void *) \&\1},/p'\'''
lt_cv_sys_global_symbol_to_cdecl='sed -n -e '\''s/^T .* \(.*\)$/extern int \1();/p'\'' -e '\''s/^[BCDEGRST][BCDEGRST]* .* \(.*\)$/extern char \1;/p'\'''
lt_cv_sys_global_symbol_to_import=
lt_cv_sys_max_cmd_len=786432
lt_cv_to_host_file_cmd=func_convert_file_noop
lt_cv_to_tool_file_cmd=func_convert_file_noop
lt_cv_truncate_bin='/bin/dd bs=4096 count=1'

## ----------------- ##
## Output variables. ##
## ----------------- ##

ACLOCAL='${SHELL} '\''/Users/chrispenny/Developer/personal/voice-to-csv/libs/pocketsphinx/missing'\'' aclocal-1.16'
AMDEPBACKSLASH='\'
AMDEP_FALSE='#'
AMDEP_TRUE=''
AMTAR='$${TAR-tar}'
AM_BACKSLASH='\'
AM_DEFAULT_V='$(AM_DEFAULT_VERBOSITY)'
AM_DEFAULT_VERBOSITY='1'
AM_V='$(V)'
AR='ar'
AUTOCONF='${SHELL} '\''/Users/chrispenny/Developer/personal/voice-to-csv/libs/pocketsphinx/missing'\'' autoconf'
AUTOHEADER='${SHELL} '\''/Users/chrispenny/Developer/personal/voice-to-csv/libs/pocketsphinx/missing'\'' autoheader'
AUTOMAKE='${SHELL} '\''/Users/chrispenny/Developer/personal/voice-to-csv/libs/pocketsphinx/missing'\'' automake-1.16'
AWK='awk'
BUILD_DOXYGEN_FALSE=''
BUILD_DOXYGEN_TRUE='#'
BUILD_GST_FALSE=''
BUILD_GST_TRUE='#'
BUILD_SWIG_FALSE=''
BUILD_SWIG_TRUE='#'
CC='gcc'
CCDEPMODE='depmode=gcc3'
CFLAGS='-g -O2 -Wall'
CPPFLAGS=' -I/Users/chrispenny/Developer/personal/voice-to-csv/libs/pocketsphinx/../sphinxbase/include -I/Users/chrispenny/Developer/personal/voice-to-csv/libs/pocketsphinx/../sphinxbase/include/sphinxbase'
CSCOPE='cscope'
CTAGS='ctags'
CYGPATH_W='echo'
DEFS='-DHAVE_CONFIG_H'
DEPDIR='.deps'
DLLTOOL='false'
DSYMUTIL='dsymutil'
DUMPBIN=''
ECHO_C='\c'
ECHO_N=''
ECHO_T=''
EGREP='/usr/local/bin/ggrep -E'
ETAGS='etags'
EXEEXT=''
FGREP='/usr/local/bin/ggrep -F'
GREP='/usr/local/bin/ggrep'
GST_CFLAGS=' '
GST_LIBS=''
GST_MAJORMINOR='1.0'
GST_PLUGIN_LDFLAGS='-module -avoid-version -export-symbols-regex _*\(gst_\|Gst\|GST_\).*'
GStreamer_CFLAGS=''
GStreamer_LIBS=''
HAVE_DOXYGEN='no'
INSTALL_DATA='${INSTALL} -m 644'
INSTALL_PROGRAM='${INSTALL}'
INSTALL_SCRIPT='${INSTALL}'
INSTALL_STRIP_PROGRAM='$(install_sh) -c -s'
LD='/Applications/Xcode.app/Contents/Developer/Toolchains/XcodeDefault.xctoolchain/usr/bin/ld'
LDFLAGS=' -L/Users/chrispenny/Developer/personal/voice-to-csv/libs/pocketsphinx/../sphinxbase/lib -L/Users/chrispenny/Developer/personal/voice-to-csv/libs/pocketsphinx/../sphinxbase/src/libsphinxad -L/Users/chrispenny/Developer/personal/voice-to-csv/libs/pocketsphinx/../sphinxbase/src/libsphinxbase'
LIBOBJS=''
LIBS=' -lsphinxbase'
LIBTOOL='$(SHELL) $(top_builddir)/libtool'
LIPO='lipo'
LN_S='ln -s'
LTLIBOBJS=''
LT_SYS_LIBRARY_PATH=''
MAKEINFO='${SHELL} '\''/Users/chrispenny/Developer/personal/voice-to-csv/libs/pocketsphinx/missing'\'' makeinfo'
MANIFEST_TOOL=':'
MKDIR_P='./install-sh -c -d'
NM='/usr/bin/nm -B'
NMEDIT='nmedit'
OBJDUMP='objdump'
OBJEXT='o'
OTOOL64=':'
OTOOL='otool'
PACKAGE='pocketsphinx'
PACKAGE_BUGREPORT=''
PACKAGE_NAME='pocketsphinx'
PACKAGE_STRING='pocketsphinx 5prealpha'
PACKAGE_TARNAME='pocketsphinx'
PACKAGE_URL=''
PACKAGE_VERSION='5prealpha'
PATH_SEPARATOR=':'
PKG_CONFIG='/usr/local/bin/pkg-config'
PYTHON=''
PYTHON_CPPFLAGS=''
PYTHON_EXEC_PREFIX=''
PYTHON_EXTRA_LDFLAGS=''
PYTHON_EXTRA_LIBS=''
PYTHON_LDFLAGS=''
PYTHON_PLATFORM=''
PYTHON_PREFIX=''
PYTHON_SITE_PKG=''
PYTHON_VERSION=''
RANLIB='ranlib'
SED='/usr/bin/sed'
SET_MAKE=''
SHELL='/bin/sh'
SPHINXBASE_CFLAGS=''
SPHINXBASE_LIBS=''
SPHINXBASE_SWIG='/Users/chrispenny/Developer/personal/voice-to-csv/libs/pocketsphinx/../sphinxbase/swig'
STRIP='strip'
SWIG=''
SWIG_LIB=''
VERSION='5prealpha'
ac_ct_AR='ar'
ac_ct_CC='gcc'
ac_ct_DUMPBIN=''
am__EXEEXT_FALSE=''
am__EXEEXT_TRUE='#'
am__fastdepCC_FALSE='#'
am__fastdepCC_TRUE=''
am__include='include'
am__isrc=''
am__leading_dot='.'
am__nodep='_no'
am__quote=''
am__tar='$${TAR-tar} chof - "$$tardir"'
am__untar='$${TAR-tar} xf -'
bindir='${exec_prefix}/bin'
build='x86_64-apple-darwin20.6.0'
build_alias=''
build_cpu='x86_64'
build_os='darwin20.6.0'
build_vendor='apple'
datadir='${datarootdir}'
datarootdir='${prefix}/share'
docdir='${datarootdir}/doc/${PACKAGE_TARNAME}'
dvidir='${docdir}'
exec_prefix='${prefix}'
host='x86_64-apple-darwin20.6.0'
host_alias=''
host_cpu='x86_64'
host_os='darwin20.6.0'
host_vendor='apple'
htmldir='${docdir}'
includedir='${prefix}/include'
infodir='${datarootdir}/info'
install_sh='${SHELL} /Users/chrispenny/Developer/personal/voice-to-csv/libs/pocketsphinx/install-sh'
libdir='${exec_prefix}/lib'
libexecdir='${exec_prefix}/libexec'
localedir='${datarootdir}/locale'
localstatedir='${prefix}/var'
mandir='${datarootdir}/man'
mkdir_p='$(MKDIR_P)'
oldincludedir='/usr/include'
pdfdir='${docdir}'
pkgpyexecdir=''
pkgpythondir=''
plugindir='$(libdir)/gstreamer-1.0'
prefix='/usr/local'
program_transform_name='s,x,x,'
psdir='${docdir}'
pyexecdir=''
pythondir=''
runstatedir='${localstatedir}/run'
sbindir='${exec_prefix}/sbin'
sharedstatedir='${prefix}/com'
sysconfdir='${prefix}/etc'
target_alias=''

## ----------- ##
## confdefs.h. ##
## ----------- ##

/* confdefs.h */
#define PACKAGE_NAME "pocketsphinx"
#define PACKAGE_TARNAME "pocketsphinx"
#define PACKAGE_VERSION "5prealpha"
#define PACKAGE_STRING "pocketsphinx 5prealpha"
#define PACKAGE_BUGREPORT ""
#define PACKAGE_URL ""
#define HAVE_STDIO_H 1
#define HAVE_STDLIB_H 1
#define HAVE_STRING_H 1
#define HAVE_INTTYPES_H 1
#define HAVE_STDINT_H 1
#define HAVE_STRINGS_H 1
#define HAVE_SYS_STAT_H 1
#define HAVE_SYS_TYPES_H 1
#define HAVE_UNISTD_H 1
#define STDC_HEADERS 1
#define HAVE_LONG_LONG 1
#define SIZEOF_LONG_LONG 8
#define HAVE_DLFCN_H 1
#define LT_OBJDIR ".libs/"

configure: exit 0
